<?xml version="1.0" encoding="UTF-8"?>
<testng-results ignored="0" total="1" passed="1" failed="0" skipped="0">
  <reporter-output>
  </reporter-output>
  <suite started-at="2023-07-06T09:37:52 GMT-07:00" name="Default suite" finished-at="2023-07-06T09:38:34 GMT-07:00" duration-ms="41667">
    <groups>
    </groups>
    <test started-at="2023-07-06T09:37:52 GMT-07:00" name="Default test" finished-at="2023-07-06T09:38:34 GMT-07:00" duration-ms="41667">
      <class name="loginModule.TC_05_Test">
        <test-method is-config="true" signature="LaunchingBrowser()[pri:0, instance:loginModule.TC_05_Test@3232a28a]" started-at="2023-07-06T09:37:53 GMT-07:00" name="LaunchingBrowser" finished-at="2023-07-06T09:38:06 GMT-07:00" duration-ms="13211" status="PASS">
          <reporter-output>
          </reporter-output>
        </test-method> <!-- LaunchingBrowser -->
        <test-method is-config="true" signature="navigatingToApplication()[pri:0, instance:loginModule.TC_05_Test@3232a28a]" started-at="2023-07-06T09:38:06 GMT-07:00" name="navigatingToApplication" finished-at="2023-07-06T09:38:06 GMT-07:00" duration-ms="20" status="PASS">
          <reporter-output>
          </reporter-output>
        </test-method> <!-- navigatingToApplication -->
        <test-method signature="ceateEvenetTestcase()[pri:0, instance:loginModule.TC_05_Test@3232a28a]" started-at="2023-07-06T09:38:06 GMT-07:00" name="ceateEvenetTestcase" finished-at="2023-07-06T09:38:29 GMT-07:00" duration-ms="23091" status="PASS">
          <reporter-output>
          </reporter-output>
        </test-method> <!-- ceateEvenetTestcase -->
        <test-method is-config="true" signature="logginOut()[pri:0, instance:loginModule.TC_05_Test@3232a28a]" started-at="2023-07-06T09:38:29 GMT-07:00" name="logginOut" finished-at="2023-07-06T09:38:29 GMT-07:00" duration-ms="0" status="PASS">
          <reporter-output>
          </reporter-output>
        </test-method> <!-- logginOut -->
        <test-method is-config="true" signature="teardownTheBrowser()[pri:0, instance:loginModule.TC_05_Test@3232a28a]" started-at="2023-07-06T09:38:29 GMT-07:00" name="teardownTheBrowser" finished-at="2023-07-06T09:38:34 GMT-07:00" duration-ms="4959" status="PASS">
          <reporter-output>
          </reporter-output>
        </test-method> <!-- teardownTheBrowser -->
      </class> <!-- loginModule.TC_05_Test -->
    </test> <!-- Default test -->
  </suite> <!-- Default suite -->
</testng-results>
