<?xml version="1.0" encoding="UTF-8"?>
<!-- Generated by org.testng.reporters.JUnitXMLReporter -->
<testsuite ignored="3" hostname="DESKTOP-SDBSI0M" failures="0" tests="4" name="Test2" time="39.395" errors="0" timestamp="2023-06-15T10:13:27 GMT-07:00">
  <testcase classname="demoPackage.AnnotationClass2" name="loginWithInValidCredentials" time="9.475"/>
  <testcase classname="demoPackage.AnnotationClass2" name="loginWithValidCredentials" time="4.702"/>
  <testcase classname="demoPackage.AnnotationClass" name="loginWithInValidCredentials" time="15.046"/>
  <testcase classname="demoPackage.AnnotationClass" name="loginWithValidCredentials" time="5.338"/>
  <testcase classname="demoPackage.BaseClass" name="@BeforeTest beforetest" time="0.0">
    <ignored/>
  </testcase> <!-- @BeforeTest beforetest -->
  <testcase classname="demoPackage.BaseClass" name="@AfterTest aftertest" time="0.0">
    <ignored/>
  </testcase> <!-- @AfterTest aftertest -->
  <testcase classname="demoPackage.BaseClass" name="@BeforeSuite beforesuite" time="0.0">
    <ignored/>
  </testcase> <!-- @BeforeSuite beforesuite -->
</testsuite> <!-- Test2 -->
